{"contracts/ThunderHold.sol":{"l":{"123":4,"124":4,"125":4,"126":4,"129":4,"135":0,"136":0,"137":0,"138":0,"147":0,"150":0,"151":0,"152":0,"153":0,"155":0,"157":0,"158":0,"159":0,"160":0,"161":0,"162":0,"164":0,"168":0,"169":0,"170":0,"171":0,"172":0,"176":0,"177":0,"180":0,"181":0,"186":0,"187":0,"188":0,"191":0,"193":0,"205":0,"206":0,"218":0,"220":0,"221":0,"223":0,"224":0,"225":0,"229":0,"233":0,"237":0,"238":0,"239":0,"243":0,"246":0,"247":0,"248":0,"253":0,"254":0,"255":0,"256":0,"259":0,"260":0,"261":0,"262":0,"263":0,"266":0,"273":0,"275":0,"280":1,"290":1,"292":1,"293":1,"296":1,"299":1,"301":1,"303":1,"304":1,"307":1,"309":1,"311":1,"312":0,"314":0,"315":0,"316":0,"317":0,"326":0,"327":0,"328":0,"341":0,"345":0,"347":0,"348":0,"349":0,"350":0,"351":0,"352":0,"356":0,"357":0,"358":0,"359":0,"360":0,"363":0,"365":0,"366":0,"367":0,"370":0,"371":0,"372":0,"374":0,"378":0,"379":0,"381":0,"382":0,"383":0,"385":0,"389":0,"390":0,"392":0,"393":0,"394":0,"396":0,"400":0,"401":0,"403":0,"404":0,"405":0,"407":0,"411":0,"412":0,"414":0,"415":0,"416":0,"418":0,"422":0,"423":0,"429":0,"441":0,"442":0,"443":0,"451":0,"452":0,"453":0,"454":0,"458":0,"459":0,"460":0,"470":0,"475":0,"476":0,"477":0,"478":0,"480":0,"483":0,"484":0,"485":0,"487":0,"491":0,"492":0,"493":0,"495":0,"501":0,"514":0,"515":0,"517":0,"521":0,"529":0,"531":0,"533":0,"534":0,"535":0,"539":0,"543":0,"547":0,"548":0,"555":0,"563":0,"571":0,"579":0,"587":0,"595":0,"603":0,"611":0,"619":0,"630":0,"638":0,"639":0,"656":0,"658":0,"659":0,"660":0,"661":0,"662":0,"663":0,"664":0,"685":1,"712":0,"724":0,"725":0,"729":4,"730":4,"733":4,"737":0,"738":0,"740":0,"745":0,"746":0,"748":0,"753":0,"754":0,"756":0,"763":6,"764":6,"765":6,"769":0,"770":0,"771":0,"775":0,"776":0,"778":0,"779":0,"780":0,"784":0,"785":0,"786":0,"790":0},"path":"/home/madim/Escritorio/projects/bnbhold/contracts/ThunderHold.sol","s":{"1":4,"2":4,"3":4,"4":4,"5":4,"6":0,"7":0,"8":0,"9":0,"10":0,"11":0,"12":0,"13":0,"14":0,"15":0,"16":0,"17":0,"18":0,"19":0,"20":0,"21":0,"22":0,"23":0,"24":0,"25":0,"26":0,"27":0,"28":0,"29":0,"30":0,"31":0,"32":0,"33":0,"34":0,"35":0,"36":0,"37":0,"38":0,"39":0,"40":0,"41":0,"42":0,"43":0,"44":0,"45":0,"46":0,"47":0,"48":0,"49":0,"50":0,"51":0,"52":0,"53":0,"54":0,"55":0,"56":0,"57":0,"58":0,"59":0,"60":0,"61":0,"62":0,"63":0,"64":0,"65":0,"66":1,"67":1,"68":1,"69":1,"70":1,"71":1,"72":1,"73":1,"74":1,"75":1,"76":1,"77":0,"78":0,"79":0,"80":0,"81":0,"82":0,"83":0,"84":0,"85":0,"86":0,"87":0,"88":0,"89":0,"90":0,"91":0,"92":0,"93":0,"94":0,"95":0,"96":0,"97":0,"98":0,"99":0,"100":0,"101":0,"102":0,"103":0,"104":0,"105":0,"106":0,"107":0,"108":0,"109":0,"110":0,"111":0,"112":0,"113":0,"114":0,"115":0,"116":0,"117":0,"118":0,"119":0,"120":0,"121":0,"122":0,"123":0,"124":0,"125":0,"126":0,"127":0,"128":0,"129":0,"130":0,"131":0,"132":0,"133":0,"134":0,"135":0,"136":0,"137":0,"138":0,"139":0,"140":0,"141":0,"142":0,"143":0,"144":0,"145":0,"146":0,"147":0,"148":0,"149":0,"150":0,"151":0,"152":0,"153":0,"154":0,"155":0,"156":0,"157":0,"158":0,"159":0,"160":0,"161":0,"162":0,"163":0,"164":0,"165":0,"166":0,"167":0,"168":0,"169":0,"170":0,"171":0,"172":0,"173":0,"174":0,"175":0,"176":0,"177":0,"178":0,"179":0,"180":0,"181":0,"182":0,"183":0,"184":0,"185":0,"186":0,"187":0,"188":0,"189":0,"190":1,"191":0,"192":0,"193":0,"194":4,"195":4,"196":0,"197":0,"198":0,"199":0,"200":0,"201":0,"202":0,"203":0,"204":0,"205":6,"206":6,"207":6,"208":0,"209":0,"210":0,"211":0,"212":0,"213":0,"214":0,"215":0,"216":0,"217":0,"218":0,"219":0},"b":{"1":[4,0],"2":[0,0],"3":[0,0],"4":[0,0],"5":[0,0],"6":[0,0],"7":[0,0],"8":[0,0],"9":[0,0],"10":[0,0],"11":[0,0],"12":[0,0],"13":[0,0],"14":[0,1],"15":[0,0],"16":[0,0],"17":[0,0],"18":[0,0],"19":[0,0],"20":[0,0],"21":[0,0],"22":[0,0],"23":[0,0],"24":[0,0],"25":[0,0],"26":[0,0],"27":[0,0],"28":[0,0],"29":[0,0],"30":[0,0],"31":[0,0],"32":[0,0],"33":[0,0],"34":[6,0],"35":[0,0],"36":[0,0],"37":[0,0],"38":[0,0]},"f":{"1":4,"2":0,"3":0,"4":0,"5":1,"6":0,"7":0,"8":0,"9":0,"10":0,"11":0,"12":0,"13":0,"14":0,"15":0,"16":0,"17":0,"18":0,"19":0,"20":0,"21":0,"22":0,"23":0,"24":0,"25":0,"26":0,"27":1,"28":0,"29":0,"30":4,"31":0,"32":0,"33":0,"34":6,"35":0,"36":0,"37":0,"38":0},"fnMap":{"1":{"name":"constructor","line":122,"loc":{"start":{"line":122,"column":4},"end":{"line":132,"column":4}}},"2":{"name":"Feepayout","line":134,"loc":{"start":{"line":134,"column":4},"end":{"line":139,"column":4}}},"3":{"name":"invest","line":141,"loc":{"start":{"line":141,"column":4},"end":{"line":215,"column":4}}},"4":{"name":"withdraw","line":217,"loc":{"start":{"line":217,"column":4},"end":{"line":276,"column":4}}},"5":{"name":"lottoDeposit","line":278,"loc":{"start":{"line":278,"column":4},"end":{"line":319,"column":4}}},"6":{"name":"getRaceWin","line":321,"loc":{"start":{"line":321,"column":4},"end":{"line":342,"column":4}}},"7":{"name":"payLottoWin","line":344,"loc":{"start":{"line":344,"column":4},"end":{"line":426,"column":4}}},"8":{"name":"getContractBalance","line":428,"loc":{"start":{"line":428,"column":4},"end":{"line":430,"column":4}}},"9":{"name":"getPlanInfo","line":432,"loc":{"start":{"line":432,"column":4},"end":{"line":444,"column":4}}},"10":{"name":"getUserLottoRate","line":446,"loc":{"start":{"line":446,"column":4},"end":{"line":455,"column":4}}},"11":{"name":"getPercent","line":457,"loc":{"start":{"line":457,"column":4},"end":{"line":472,"column":4}}},"12":{"name":"getReinvest","line":474,"loc":{"start":{"line":474,"column":4},"end":{"line":498,"column":4}}},"13":{"name":"getTimer","line":500,"loc":{"start":{"line":500,"column":4},"end":{"line":502,"column":4}}},"14":{"name":"getResult","line":504,"loc":{"start":{"line":504,"column":4},"end":{"line":522,"column":4}}},"15":{"name":"getUserDividends","line":524,"loc":{"start":{"line":524,"column":4},"end":{"line":556,"column":4}}},"16":{"name":"getUserCheckpoint","line":558,"loc":{"start":{"line":558,"column":4},"end":{"line":564,"column":4}}},"17":{"name":"getUserReinvestedAmount","line":566,"loc":{"start":{"line":566,"column":4},"end":{"line":572,"column":4}}},"18":{"name":"getUserReferrer","line":574,"loc":{"start":{"line":574,"column":4},"end":{"line":580,"column":4}}},"19":{"name":"getUserDownlineCount","line":582,"loc":{"start":{"line":582,"column":4},"end":{"line":588,"column":4}}},"20":{"name":"getUserReferralBonus","line":590,"loc":{"start":{"line":590,"column":4},"end":{"line":596,"column":4}}},"21":{"name":"getUserReferralTotalBonus","line":598,"loc":{"start":{"line":598,"column":4},"end":{"line":604,"column":4}}},"22":{"name":"getUserReferralWithdrawn","line":606,"loc":{"start":{"line":606,"column":4},"end":{"line":612,"column":4}}},"23":{"name":"getUserAvailable","line":614,"loc":{"start":{"line":614,"column":4},"end":{"line":623,"column":4}}},"24":{"name":"getUserAmountOfDeposits","line":625,"loc":{"start":{"line":625,"column":4},"end":{"line":631,"column":4}}},"25":{"name":"getUserTotalDeposits","line":633,"loc":{"start":{"line":633,"column":4},"end":{"line":641,"column":4}}},"26":{"name":"getUserDepositInfo","line":643,"loc":{"start":{"line":643,"column":4},"end":{"line":665,"column":4}}},"27":{"name":"getlottoStats","line":667,"loc":{"start":{"line":667,"column":4},"end":{"line":699,"column":4}}},"28":{"name":"getlottoLastPrizes","line":701,"loc":{"start":{"line":701,"column":4},"end":{"line":713,"column":4}}},"29":{"name":"getUserlottoStats","line":715,"loc":{"start":{"line":715,"column":4},"end":{"line":726,"column":4}}},"30":{"name":"isContract","line":728,"loc":{"start":{"line":728,"column":4},"end":{"line":734,"column":4}}},"31":{"name":"minZero","line":736,"loc":{"start":{"line":736,"column":4},"end":{"line":742,"column":4}}},"32":{"name":"maxVal","line":744,"loc":{"start":{"line":744,"column":4},"end":{"line":750,"column":4}}},"33":{"name":"minVal","line":752,"loc":{"start":{"line":752,"column":4},"end":{"line":758,"column":4}}},"34":{"name":"add","line":762,"loc":{"start":{"line":762,"column":4},"end":{"line":766,"column":4}}},"35":{"name":"sub","line":768,"loc":{"start":{"line":768,"column":4},"end":{"line":772,"column":4}}},"36":{"name":"mul","line":774,"loc":{"start":{"line":774,"column":4},"end":{"line":781,"column":4}}},"37":{"name":"div","line":783,"loc":{"start":{"line":783,"column":4},"end":{"line":787,"column":4}}},"38":{"name":"mod","line":789,"loc":{"start":{"line":789,"column":4},"end":{"line":791,"column":4}}}},"statementMap":{"1":{"start":{"line":123,"column":8},"end":{"line":123,"column":48}},"2":{"start":{"line":124,"column":8},"end":{"line":124,"column":31}},"3":{"start":{"line":125,"column":8},"end":{"line":125,"column":44}},"4":{"start":{"line":126,"column":8},"end":{"line":126,"column":24}},"5":{"start":{"line":129,"column":8},"end":{"line":129,"column":40}},"6":{"start":{"line":135,"column":8},"end":{"line":135,"column":73}},"7":{"start":{"line":136,"column":8},"end":{"line":136,"column":45}},"8":{"start":{"line":137,"column":8},"end":{"line":137,"column":75}},"9":{"start":{"line":138,"column":8},"end":{"line":138,"column":45}},"10":{"start":{"line":147,"column":8},"end":{"line":147,"column":27}},"11":{"start":{"line":150,"column":8},"end":{"line":150,"column":45}},"12":{"start":{"line":151,"column":8},"end":{"line":151,"column":4763}},"13":{"start":{"line":152,"column":12},"end":{"line":152,"column":4814}},"14":{"start":{"line":153,"column":16},"end":{"line":153,"column":39}},"15":{"start":{"line":155,"column":16},"end":{"line":155,"column":46}},"16":{"start":{"line":157,"column":12},"end":{"line":157,"column":42}},"17":{"start":{"line":158,"column":12},"end":{"line":158,"column":5065}},"18":{"start":{"line":159,"column":16},"end":{"line":159,"column":5131}},"19":{"start":{"line":160,"column":20},"end":{"line":160,"column":75}},"20":{"start":{"line":161,"column":20},"end":{"line":161,"column":5249}},"21":{"start":{"line":162,"column":24},"end":{"line":162,"column":63}},"22":{"start":{"line":164,"column":20},"end":{"line":164,"column":50}},"23":{"start":{"line":168,"column":8},"end":{"line":168,"column":5484}},"24":{"start":{"line":169,"column":12},"end":{"line":169,"column":42}},"25":{"start":{"line":170,"column":12},"end":{"line":170,"column":5579}},"26":{"start":{"line":171,"column":16},"end":{"line":171,"column":5645}},"27":{"start":{"line":172,"column":20},"end":{"line":172,"column":5690}},"28":{"start":{"line":176,"column":20},"end":{"line":176,"column":72}},"29":{"start":{"line":177,"column":20},"end":{"line":177,"column":5934}},"30":{"start":{"line":180,"column":20},"end":{"line":180,"column":64}},"31":{"start":{"line":181,"column":20},"end":{"line":181,"column":50}},"32":{"start":{"line":186,"column":8},"end":{"line":186,"column":6215}},"33":{"start":{"line":187,"column":12},"end":{"line":187,"column":44}},"34":{"start":{"line":188,"column":12},"end":{"line":188,"column":35}},"35":{"start":{"line":191,"column":8},"end":{"line":191,"column":6381}},"36":{"start":{"line":193,"column":8},"end":{"line":193,"column":6469}},"37":{"start":{"line":205,"column":8},"end":{"line":205,"column":47}},"38":{"start":{"line":206,"column":8},"end":{"line":206,"column":6775}},"39":{"start":{"line":218,"column":8},"end":{"line":218,"column":45}},"40":{"start":{"line":220,"column":8},"end":{"line":220,"column":27}},"41":{"start":{"line":221,"column":8},"end":{"line":221,"column":35}},"42":{"start":{"line":223,"column":8},"end":{"line":223,"column":7223}},"43":{"start":{"line":224,"column":12},"end":{"line":224,"column":7292}},"44":{"start":{"line":225,"column":16},"end":{"line":225,"column":7366}},"45":{"start":{"line":229,"column":16},"end":{"line":229,"column":7561}},"46":{"start":{"line":233,"column":16},"end":{"line":233,"column":7745}},"47":{"start":{"line":237,"column":16},"end":{"line":237,"column":7904}},"48":{"start":{"line":238,"column":20},"end":{"line":238,"column":75}},"49":{"start":{"line":239,"column":20},"end":{"line":239,"column":8027}},"50":{"start":{"line":243,"column":20},"end":{"line":243,"column":8200}},"51":{"start":{"line":246,"column":20},"end":{"line":246,"column":48}},"52":{"start":{"line":247,"column":20},"end":{"line":247,"column":56}},"53":{"start":{"line":248,"column":20},"end":{"line":248,"column":74}},"54":{"start":{"line":253,"column":8},"end":{"line":253,"column":64}},"55":{"start":{"line":254,"column":8},"end":{"line":254,"column":8603}},"56":{"start":{"line":255,"column":12},"end":{"line":255,"column":25}},"57":{"start":{"line":256,"column":12},"end":{"line":256,"column":55}},"58":{"start":{"line":259,"column":8},"end":{"line":259,"column":75}},"59":{"start":{"line":260,"column":8},"end":{"line":260,"column":56}},"60":{"start":{"line":261,"column":8},"end":{"line":261,"column":55}},"61":{"start":{"line":262,"column":8},"end":{"line":262,"column":8927}},"62":{"start":{"line":263,"column":12},"end":{"line":263,"column":40}},"63":{"start":{"line":266,"column":8},"end":{"line":266,"column":40}},"64":{"start":{"line":273,"column":8},"end":{"line":273,"column":48}},"65":{"start":{"line":275,"column":8},"end":{"line":275,"column":47}},"66":{"start":{"line":280,"column":8},"end":{"line":280,"column":45}},"67":{"start":{"line":290,"column":8},"end":{"line":290,"column":52}},"68":{"start":{"line":292,"column":8},"end":{"line":292,"column":75}},"69":{"start":{"line":293,"column":8},"end":{"line":293,"column":10381}},"70":{"start":{"line":296,"column":8},"end":{"line":296,"column":10485}},"71":{"start":{"line":299,"column":8},"end":{"line":299,"column":61}},"72":{"start":{"line":301,"column":8},"end":{"line":301,"column":55}},"73":{"start":{"line":303,"column":8},"end":{"line":303,"column":10713}},"74":{"start":{"line":304,"column":12},"end":{"line":304,"column":10778}},"75":{"start":{"line":309,"column":8},"end":{"line":309,"column":72}},"76":{"start":{"line":311,"column":8},"end":{"line":311,"column":10998}},"77":{"start":{"line":312,"column":12},"end":{"line":312,"column":24}},"78":{"start":{"line":314,"column":12},"end":{"line":314,"column":30}},"79":{"start":{"line":315,"column":12},"end":{"line":315,"column":39}},"80":{"start":{"line":316,"column":12},"end":{"line":316,"column":30}},"81":{"start":{"line":326,"column":8},"end":{"line":326,"column":44}},"82":{"start":{"line":327,"column":8},"end":{"line":327,"column":22}},"83":{"start":{"line":328,"column":8},"end":{"line":328,"column":11477}},"84":{"start":{"line":341,"column":8},"end":{"line":341,"column":20}},"85":{"start":{"line":345,"column":8},"end":{"line":345,"column":52}},"86":{"start":{"line":347,"column":8},"end":{"line":347,"column":59}},"87":{"start":{"line":348,"column":8},"end":{"line":348,"column":59}},"88":{"start":{"line":349,"column":8},"end":{"line":349,"column":59}},"89":{"start":{"line":350,"column":8},"end":{"line":350,"column":59}},"90":{"start":{"line":351,"column":8},"end":{"line":351,"column":59}},"91":{"start":{"line":352,"column":8},"end":{"line":352,"column":22}},"92":{"start":{"line":356,"column":8},"end":{"line":356,"column":36}},"93":{"start":{"line":357,"column":8},"end":{"line":357,"column":12526}},"94":{"start":{"line":358,"column":12},"end":{"line":358,"column":42}},"95":{"start":{"line":359,"column":12},"end":{"line":359,"column":53}},"96":{"start":{"line":360,"column":12},"end":{"line":360,"column":39}},"97":{"start":{"line":363,"column":8},"end":{"line":363,"column":51}},"98":{"start":{"line":365,"column":8},"end":{"line":365,"column":12762}},"99":{"start":{"line":366,"column":12},"end":{"line":366,"column":12829}},"100":{"start":{"line":367,"column":16},"end":{"line":367,"column":67}},"101":{"start":{"line":370,"column":12},"end":{"line":370,"column":12987}},"102":{"start":{"line":371,"column":16},"end":{"line":371,"column":76}},"103":{"start":{"line":372,"column":16},"end":{"line":372,"column":13157}},"104":{"start":{"line":374,"column":16},"end":{"line":374,"column":13265}},"105":{"start":{"line":378,"column":16},"end":{"line":378,"column":62}},"106":{"start":{"line":379,"column":16},"end":{"line":379,"column":33}},"107":{"start":{"line":381,"column":12},"end":{"line":381,"column":13547}},"108":{"start":{"line":382,"column":16},"end":{"line":382,"column":76}},"109":{"start":{"line":383,"column":16},"end":{"line":383,"column":13717}},"110":{"start":{"line":385,"column":16},"end":{"line":385,"column":13825}},"111":{"start":{"line":389,"column":16},"end":{"line":389,"column":62}},"112":{"start":{"line":390,"column":16},"end":{"line":390,"column":33}},"113":{"start":{"line":392,"column":12},"end":{"line":392,"column":14107}},"114":{"start":{"line":393,"column":16},"end":{"line":393,"column":76}},"115":{"start":{"line":394,"column":16},"end":{"line":394,"column":14277}},"116":{"start":{"line":396,"column":16},"end":{"line":396,"column":14385}},"117":{"start":{"line":400,"column":16},"end":{"line":400,"column":62}},"118":{"start":{"line":401,"column":16},"end":{"line":401,"column":33}},"119":{"start":{"line":403,"column":12},"end":{"line":403,"column":14667}},"120":{"start":{"line":404,"column":16},"end":{"line":404,"column":76}},"121":{"start":{"line":405,"column":16},"end":{"line":405,"column":14837}},"122":{"start":{"line":407,"column":16},"end":{"line":407,"column":14945}},"123":{"start":{"line":411,"column":16},"end":{"line":411,"column":62}},"124":{"start":{"line":412,"column":16},"end":{"line":412,"column":33}},"125":{"start":{"line":414,"column":12},"end":{"line":414,"column":15227}},"126":{"start":{"line":415,"column":16},"end":{"line":415,"column":76}},"127":{"start":{"line":416,"column":16},"end":{"line":416,"column":15397}},"128":{"start":{"line":418,"column":16},"end":{"line":418,"column":15505}},"129":{"start":{"line":422,"column":16},"end":{"line":422,"column":62}},"130":{"start":{"line":423,"column":16},"end":{"line":423,"column":33}},"131":{"start":{"line":429,"column":8},"end":{"line":429,"column":36}},"132":{"start":{"line":441,"column":8},"end":{"line":441,"column":30}},"133":{"start":{"line":442,"column":8},"end":{"line":442,"column":36}},"134":{"start":{"line":443,"column":8},"end":{"line":443,"column":38}},"135":{"start":{"line":451,"column":8},"end":{"line":451,"column":46}},"136":{"start":{"line":452,"column":8},"end":{"line":452,"column":62}},"137":{"start":{"line":453,"column":8},"end":{"line":453,"column":65}},"138":{"start":{"line":454,"column":8},"end":{"line":454,"column":26}},"139":{"start":{"line":458,"column":8},"end":{"line":458,"column":60}},"140":{"start":{"line":459,"column":8},"end":{"line":459,"column":16665}},"141":{"start":{"line":460,"column":12},"end":{"line":460,"column":16743}},"142":{"start":{"line":470,"column":12},"end":{"line":470,"column":38}},"143":{"start":{"line":475,"column":8},"end":{"line":475,"column":68}},"144":{"start":{"line":476,"column":8},"end":{"line":476,"column":17221}},"145":{"start":{"line":477,"column":12},"end":{"line":477,"column":17254}},"146":{"start":{"line":478,"column":16},"end":{"line":478,"column":24}},"147":{"start":{"line":480,"column":16},"end":{"line":480,"column":63}},"148":{"start":{"line":483,"column":8},"end":{"line":483,"column":17448}},"149":{"start":{"line":484,"column":12},"end":{"line":484,"column":17481}},"150":{"start":{"line":485,"column":16},"end":{"line":485,"column":24}},"151":{"start":{"line":487,"column":16},"end":{"line":487,"column":63}},"152":{"start":{"line":491,"column":8},"end":{"line":491,"column":17676}},"153":{"start":{"line":492,"column":12},"end":{"line":492,"column":17709}},"154":{"start":{"line":493,"column":16},"end":{"line":493,"column":24}},"155":{"start":{"line":495,"column":16},"end":{"line":495,"column":62}},"156":{"start":{"line":501,"column":8},"end":{"line":501,"column":60}},"157":{"start":{"line":514,"column":8},"end":{"line":514,"column":33}},"158":{"start":{"line":515,"column":8},"end":{"line":515,"column":35}},"159":{"start":{"line":517,"column":8},"end":{"line":517,"column":18358}},"160":{"start":{"line":521,"column":8},"end":{"line":521,"column":68}},"161":{"start":{"line":529,"column":8},"end":{"line":529,"column":46}},"162":{"start":{"line":531,"column":8},"end":{"line":531,"column":27}},"163":{"start":{"line":533,"column":8},"end":{"line":533,"column":18732}},"164":{"start":{"line":534,"column":12},"end":{"line":534,"column":18801}},"165":{"start":{"line":535,"column":16},"end":{"line":535,"column":18875}},"166":{"start":{"line":539,"column":16},"end":{"line":539,"column":19070}},"167":{"start":{"line":543,"column":16},"end":{"line":543,"column":19254}},"168":{"start":{"line":547,"column":16},"end":{"line":547,"column":19413}},"169":{"start":{"line":548,"column":20},"end":{"line":548,"column":19454}},"170":{"start":{"line":555,"column":8},"end":{"line":555,"column":26}},"171":{"start":{"line":563,"column":8},"end":{"line":563,"column":44}},"172":{"start":{"line":571,"column":8},"end":{"line":571,"column":49}},"173":{"start":{"line":579,"column":8},"end":{"line":579,"column":42}},"174":{"start":{"line":587,"column":8},"end":{"line":587,"column":43}},"175":{"start":{"line":595,"column":8},"end":{"line":595,"column":39}},"176":{"start":{"line":603,"column":8},"end":{"line":603,"column":44}},"177":{"start":{"line":611,"column":8},"end":{"line":611,"column":74}},"178":{"start":{"line":619,"column":8},"end":{"line":619,"column":20968}},"179":{"start":{"line":630,"column":8},"end":{"line":630,"column":49}},"180":{"start":{"line":638,"column":8},"end":{"line":638,"column":21395}},"181":{"start":{"line":639,"column":12},"end":{"line":639,"column":69}},"182":{"start":{"line":656,"column":8},"end":{"line":656,"column":46}},"183":{"start":{"line":658,"column":8},"end":{"line":658,"column":39}},"184":{"start":{"line":659,"column":8},"end":{"line":659,"column":45}},"185":{"start":{"line":660,"column":8},"end":{"line":660,"column":43}},"186":{"start":{"line":661,"column":8},"end":{"line":661,"column":43}},"187":{"start":{"line":662,"column":8},"end":{"line":662,"column":41}},"188":{"start":{"line":663,"column":8},"end":{"line":663,"column":43}},"189":{"start":{"line":664,"column":8},"end":{"line":664,"column":47}},"190":{"start":{"line":685,"column":8},"end":{"line":685,"column":22603}},"191":{"start":{"line":712,"column":8},"end":{"line":712,"column":70}},"192":{"start":{"line":724,"column":8},"end":{"line":724,"column":45}},"193":{"start":{"line":725,"column":8},"end":{"line":725,"column":75}},"194":{"start":{"line":729,"column":8},"end":{"line":729,"column":20}},"195":{"start":{"line":733,"column":8},"end":{"line":733,"column":23}},"196":{"start":{"line":737,"column":8},"end":{"line":737,"column":23836}},"197":{"start":{"line":738,"column":12},"end":{"line":738,"column":24}},"198":{"start":{"line":740,"column":12},"end":{"line":740,"column":20}},"199":{"start":{"line":745,"column":8},"end":{"line":745,"column":24015}},"200":{"start":{"line":746,"column":12},"end":{"line":746,"column":20}},"201":{"start":{"line":748,"column":12},"end":{"line":748,"column":20}},"202":{"start":{"line":753,"column":8},"end":{"line":753,"column":24190}},"203":{"start":{"line":754,"column":12},"end":{"line":754,"column":20}},"204":{"start":{"line":756,"column":12},"end":{"line":756,"column":20}},"205":{"start":{"line":763,"column":8},"end":{"line":763,"column":25}},"206":{"start":{"line":764,"column":8},"end":{"line":764,"column":53}},"207":{"start":{"line":765,"column":8},"end":{"line":765,"column":16}},"208":{"start":{"line":769,"column":8},"end":{"line":769,"column":56}},"209":{"start":{"line":770,"column":8},"end":{"line":770,"column":25}},"210":{"start":{"line":771,"column":8},"end":{"line":771,"column":16}},"211":{"start":{"line":775,"column":8},"end":{"line":775,"column":24748}},"212":{"start":{"line":776,"column":12},"end":{"line":776,"column":20}},"213":{"start":{"line":778,"column":8},"end":{"line":778,"column":25}},"214":{"start":{"line":779,"column":8},"end":{"line":779,"column":63}},"215":{"start":{"line":780,"column":8},"end":{"line":780,"column":16}},"216":{"start":{"line":784,"column":8},"end":{"line":784,"column":51}},"217":{"start":{"line":785,"column":8},"end":{"line":785,"column":25}},"218":{"start":{"line":786,"column":8},"end":{"line":786,"column":16}},"219":{"start":{"line":790,"column":8},"end":{"line":790,"column":20}}},"branchMap":{"1":{"line":123,"type":"if","locations":[{"start":{"line":123,"column":8},"end":{"line":123,"column":8}},{"start":{"line":123,"column":8},"end":{"line":123,"column":8}}]},"2":{"line":151,"type":"if","locations":[{"start":{"line":151,"column":8},"end":{"line":151,"column":8}},{"start":{"line":151,"column":8},"end":{"line":151,"column":8}}]},"3":{"line":152,"type":"if","locations":[{"start":{"line":152,"column":12},"end":{"line":152,"column":12}},{"start":{"line":152,"column":12},"end":{"line":152,"column":12}}]},"4":{"line":159,"type":"if","locations":[{"start":{"line":159,"column":16},"end":{"line":159,"column":16}},{"start":{"line":159,"column":16},"end":{"line":159,"column":16}}]},"5":{"line":161,"type":"if","locations":[{"start":{"line":161,"column":20},"end":{"line":161,"column":20}},{"start":{"line":161,"column":20},"end":{"line":161,"column":20}}]},"6":{"line":168,"type":"if","locations":[{"start":{"line":168,"column":8},"end":{"line":168,"column":8}},{"start":{"line":168,"column":8},"end":{"line":168,"column":8}}]},"7":{"line":171,"type":"if","locations":[{"start":{"line":171,"column":16},"end":{"line":171,"column":16}},{"start":{"line":171,"column":16},"end":{"line":171,"column":16}}]},"8":{"line":186,"type":"if","locations":[{"start":{"line":186,"column":8},"end":{"line":186,"column":8}},{"start":{"line":186,"column":8},"end":{"line":186,"column":8}}]},"9":{"line":224,"type":"if","locations":[{"start":{"line":224,"column":12},"end":{"line":224,"column":12}},{"start":{"line":224,"column":12},"end":{"line":224,"column":12}}]},"10":{"line":237,"type":"if","locations":[{"start":{"line":237,"column":16},"end":{"line":237,"column":16}},{"start":{"line":237,"column":16},"end":{"line":237,"column":16}}]},"11":{"line":254,"type":"if","locations":[{"start":{"line":254,"column":8},"end":{"line":254,"column":8}},{"start":{"line":254,"column":8},"end":{"line":254,"column":8}}]},"12":{"line":260,"type":"if","locations":[{"start":{"line":260,"column":8},"end":{"line":260,"column":8}},{"start":{"line":260,"column":8},"end":{"line":260,"column":8}}]},"13":{"line":262,"type":"if","locations":[{"start":{"line":262,"column":8},"end":{"line":262,"column":8}},{"start":{"line":262,"column":8},"end":{"line":262,"column":8}}]},"14":{"line":311,"type":"if","locations":[{"start":{"line":311,"column":8},"end":{"line":311,"column":8}},{"start":{"line":311,"column":8},"end":{"line":311,"column":8}}]},"15":{"line":357,"type":"if","locations":[{"start":{"line":357,"column":8},"end":{"line":357,"column":8}},{"start":{"line":357,"column":8},"end":{"line":357,"column":8}}]},"16":{"line":366,"type":"if","locations":[{"start":{"line":366,"column":12},"end":{"line":366,"column":12}},{"start":{"line":366,"column":12},"end":{"line":366,"column":12}}]},"17":{"line":370,"type":"if","locations":[{"start":{"line":370,"column":12},"end":{"line":370,"column":12}},{"start":{"line":370,"column":12},"end":{"line":370,"column":12}}]},"18":{"line":381,"type":"if","locations":[{"start":{"line":381,"column":12},"end":{"line":381,"column":12}},{"start":{"line":381,"column":12},"end":{"line":381,"column":12}}]},"19":{"line":392,"type":"if","locations":[{"start":{"line":392,"column":12},"end":{"line":392,"column":12}},{"start":{"line":392,"column":12},"end":{"line":392,"column":12}}]},"20":{"line":403,"type":"if","locations":[{"start":{"line":403,"column":12},"end":{"line":403,"column":12}},{"start":{"line":403,"column":12},"end":{"line":403,"column":12}}]},"21":{"line":414,"type":"if","locations":[{"start":{"line":414,"column":12},"end":{"line":414,"column":12}},{"start":{"line":414,"column":12},"end":{"line":414,"column":12}}]},"22":{"line":459,"type":"if","locations":[{"start":{"line":459,"column":8},"end":{"line":459,"column":8}},{"start":{"line":459,"column":8},"end":{"line":459,"column":8}}]},"23":{"line":476,"type":"if","locations":[{"start":{"line":476,"column":8},"end":{"line":476,"column":8}},{"start":{"line":476,"column":8},"end":{"line":476,"column":8}}]},"24":{"line":477,"type":"if","locations":[{"start":{"line":477,"column":12},"end":{"line":477,"column":12}},{"start":{"line":477,"column":12},"end":{"line":477,"column":12}}]},"25":{"line":483,"type":"if","locations":[{"start":{"line":483,"column":8},"end":{"line":483,"column":8}},{"start":{"line":483,"column":8},"end":{"line":483,"column":8}}]},"26":{"line":484,"type":"if","locations":[{"start":{"line":484,"column":12},"end":{"line":484,"column":12}},{"start":{"line":484,"column":12},"end":{"line":484,"column":12}}]},"27":{"line":491,"type":"if","locations":[{"start":{"line":491,"column":8},"end":{"line":491,"column":8}},{"start":{"line":491,"column":8},"end":{"line":491,"column":8}}]},"28":{"line":492,"type":"if","locations":[{"start":{"line":492,"column":12},"end":{"line":492,"column":12}},{"start":{"line":492,"column":12},"end":{"line":492,"column":12}}]},"29":{"line":534,"type":"if","locations":[{"start":{"line":534,"column":12},"end":{"line":534,"column":12}},{"start":{"line":534,"column":12},"end":{"line":534,"column":12}}]},"30":{"line":547,"type":"if","locations":[{"start":{"line":547,"column":16},"end":{"line":547,"column":16}},{"start":{"line":547,"column":16},"end":{"line":547,"column":16}}]},"31":{"line":737,"type":"if","locations":[{"start":{"line":737,"column":8},"end":{"line":737,"column":8}},{"start":{"line":737,"column":8},"end":{"line":737,"column":8}}]},"32":{"line":745,"type":"if","locations":[{"start":{"line":745,"column":8},"end":{"line":745,"column":8}},{"start":{"line":745,"column":8},"end":{"line":745,"column":8}}]},"33":{"line":753,"type":"if","locations":[{"start":{"line":753,"column":8},"end":{"line":753,"column":8}},{"start":{"line":753,"column":8},"end":{"line":753,"column":8}}]},"34":{"line":764,"type":"if","locations":[{"start":{"line":764,"column":8},"end":{"line":764,"column":8}},{"start":{"line":764,"column":8},"end":{"line":764,"column":8}}]},"35":{"line":769,"type":"if","locations":[{"start":{"line":769,"column":8},"end":{"line":769,"column":8}},{"start":{"line":769,"column":8},"end":{"line":769,"column":8}}]},"36":{"line":775,"type":"if","locations":[{"start":{"line":775,"column":8},"end":{"line":775,"column":8}},{"start":{"line":775,"column":8},"end":{"line":775,"column":8}}]},"37":{"line":779,"type":"if","locations":[{"start":{"line":779,"column":8},"end":{"line":779,"column":8}},{"start":{"line":779,"column":8},"end":{"line":779,"column":8}}]},"38":{"line":784,"type":"if","locations":[{"start":{"line":784,"column":8},"end":{"line":784,"column":8}},{"start":{"line":784,"column":8},"end":{"line":784,"column":8}}]}}}}